<?xml version="1.0" encoding="UTF-8"?>
<testsuite xmlns:xsi="http://www.w3.org/2001/XMLSchema-instance" xsi:noNamespaceSchemaLocation="https://maven.apache.org/surefire/maven-surefire-plugin/xsd/surefire-test-report-3.0.xsd" version="3.0" name="Ej13Test.FacturaTest" time="0.057" tests="2" errors="0" skipped="0" failures="1">
  <properties>
[...]
</properties>
  <testcase name="testTotalFactura" classname="Ej13Test.FacturaTest" time="0.024"/>
  <testcase name="testAplicarIva" classname="Ej13Test.FacturaTest" time="0.007">
    <failure type="org.opentest4j.AssertionFailedError"><![CDATA[org.opentest4j.AssertionFailedError: Precio con IVA calculado incorrectamente ==> expected: <33.0> but was: <11.0>
	at Ej13Test.FacturaTest.testAplicarIva(FacturaTest.java:45)
]]></failure>
  </testcase>
</testsuite>